<?xml version="1.0" encoding="UTF-8"?>
<!-- Generated by org.testng.reporters.JUnitReportReporter -->
<testsuite hostname="DESKTOP-B0J7BCE" failures="0" tests="3" name="exercise_3GivenByGurusir.QuestionNo32" time="0.009" errors="0" timestamp="2023-09-25T15:40:22 IST" skipped="0">
  <testcase classname="exercise_3GivenByGurusir.QuestionNo32" name="getData" time="0.006"/>
  <system-out/>
  <testcase classname="exercise_3GivenByGurusir.QuestionNo32" name="getData" time="0.001"/>
  <system-out/>
  <testcase classname="exercise_3GivenByGurusir.QuestionNo32" name="getData" time="0.002"/>
  <system-out/>
</testsuite> <!-- exercise_3GivenByGurusir.QuestionNo32 -->
